<?xml version="1.0" encoding="UTF-8"?>
<testsuites name="Metrodata Mengajar" time="84.304" tests="1" failures="0" errors="0">
   <testsuite name="Metrodata Mengajar" tests="1" failures="0" errors="0" time="84.304" skipped="0" timestamp="17-05-2024T09:28:59" hostname="papah - PapahGilak" id="Test Suites/Metrodata Mengajar">
      <properties>
[...]
</properties>
      <testcase name="Test Cases/Test Case_Metrodata Mengajar (Normal)" time="84.045" classname="Test Cases/Test Case_Metrodata Mengajar (Normal)" status="PASSED">
         <system-out><![CDATA[17-05-2024T09:28:59 - [TEST_CASE][PASSED] - Test Cases/Test Case_Metrodata Mengajar (Normal): Test Cases/Test Case_Metrodata Mengajar (Normal)

17-05-2024T09:29:00 - [TEST_STEP][PASSED] - openBrowser(""): Browser is opened with url: ''

17-05-2024T09:29:00 - [MESSAGE][INFO] - Starting 'Chrome' driver

17-05-2024T09:29:00 - [MESSAGE][INFO] - Action delay is set to 0 milliseconds

17-05-2024T09:29:02 - [MESSAGE][PASSED] - Browser is opened with url: ''

17-05-2024T09:29:02 - [TEST_STEP][PASSED] - maximizeWindow(): Current window maximized

17-05-2024T09:29:02 - [MESSAGE][PASSED] - Current window maximized

17-05-2024T09:29:02 - [TEST_STEP][PASSED] - navigateToUrl("https://metrodataacademy.id/"): Navigate to 'https://metrodataacademy.id/' successfully

17-05-2024T09:29:04 - [MESSAGE][PASSED] - Navigate to 'https://metrodataacademy.id/' successfully

17-05-2024T09:29:04 - [TEST_STEP][PASSED] - takeScreenshot(): Taking screenshot successfully

17-05-2024T09:29:09 - [MESSAGE][PASSED] - Taking screenshot successfully
[[ATTACHMENT|C:\\Users\\papah\\git\\Katalon-Training-Project\\Reports\\20240517_092852\\Metrodata Mengajar\\20240517_092853\\1715912948802.png]]

17-05-2024T09:29:09 - [TEST_STEP][PASSED] - click(findTestObject("Object Repository/Page_Metrodata Academy/a_Masuk")): Object: 'Object Repository/Page_Metrodata Academy/a_Masuk' is clicked on

17-05-2024T09:29:40 - [MESSAGE][INFO] - Unable to find the element located by 'By.xpath: //div[@id='headlessui-dialog-panel-:ra:']/div[2]/div/div[2]/div/a'. Please recheck the objects properties to make sure the desired element is located. 

17-05-2024T09:29:40 - [MESSAGE][WARNING] - [SELF-HEALING] Failed to find element with id 'Object Repository/Page_Metrodata Academy/a_Masuk'. Try using Self-healing.

17-05-2024T09:29:40 - [MESSAGE][WARNING] - [SELF-HEALING] The current locator of test object 'Object Repository/Page_Metrodata Academy/a_Masuk' was broken. Propose an alternative one: '//a[@href = '/sign-in' and (text() = 'Masuk' or . = 'Masuk')]'.

17-05-2024T09:29:41 - [MESSAGE][PASSED] - Object: 'Object Repository/Page_Metrodata Academy/a_Masuk' is clicked on

17-05-2024T09:29:41 - [TEST_STEP][PASSED] - setText(findTestObject("Object Repository/Page_Metrodata Academy/input__email"), "papahgilak@gmail.com"): Text 'papahgilak@gmail.com' is set on object 'Object Repository/Page_Metrodata Academy/input__email'

17-05-2024T09:29:42 - [MESSAGE][PASSED] - Text 'papahgilak@gmail.com' is set on object 'Object Repository/Page_Metrodata Academy/input__email'

17-05-2024T09:29:42 - [TEST_STEP][PASSED] - setEncryptedText(findTestObject("Object Repository/Page_Metrodata Academy/input__password"), "ANgLrNN9LeX238E+iUxpGw=="): Text ****** has been set on object 'Object Repository/Page_Metrodata Academy/input__password'

17-05-2024T09:29:42 - [MESSAGE][PASSED] - Text ****** has been set on object 'Object Repository/Page_Metrodata Academy/input__password'

17-05-2024T09:29:42 - [TEST_STEP][PASSED] - click(findTestObject("Object Repository/Page_Metrodata Academy/button_Masuk")): Object: 'Object Repository/Page_Metrodata Academy/button_Masuk' is clicked on

17-05-2024T09:29:42 - [MESSAGE][PASSED] - Object: 'Object Repository/Page_Metrodata Academy/button_Masuk' is clicked on

17-05-2024T09:29:42 - [TEST_STEP][PASSED] - delay(3): Delayed 3 second(s)

17-05-2024T09:29:45 - [MESSAGE][PASSED] - Delayed 3 second(s)

17-05-2024T09:29:45 - [TEST_STEP][PASSED] - if (verifyTextPresent("Lihat Program", false)): null

17-05-2024T09:29:50 - [MESSAGE][PASSED] - Text 'Lihat Program' is present on page 

17-05-2024T09:29:50 - [TEST_STEP][PASSED] - comment("Berhasil Login"): Berhasil Login

17-05-2024T09:29:50 - [MESSAGE][INFO] - Berhasil Login

17-05-2024T09:29:50 - [TEST_STEP][PASSED] - click(findTestObject("Object Repository/Page_MetrodataMengajar/span_Program")): Object: 'Object Repository/Page_MetrodataMengajar/span_Program' is clicked on

17-05-2024T09:29:51 - [MESSAGE][PASSED] - Object: 'Object Repository/Page_MetrodataMengajar/span_Program' is clicked on

17-05-2024T09:29:51 - [TEST_STEP][PASSED] - takeScreenshot(): Taking screenshot successfully

17-05-2024T09:29:51 - [MESSAGE][PASSED] - Taking screenshot successfully
[[ATTACHMENT|C:\\Users\\papah\\git\\Katalon-Training-Project\\Reports\\20240517_092852\\Metrodata Mengajar\\20240517_092853\\1715912991341.png]]

17-05-2024T09:29:51 - [TEST_STEP][PASSED] - delay(1): Delayed 1 second(s)

17-05-2024T09:29:52 - [MESSAGE][PASSED] - Delayed 1 second(s)

17-05-2024T09:29:52 - [TEST_STEP][PASSED] - click(findTestObject("Object Repository/Page_MetrodataMengajar/span_Metrodata Mengajar_absolute inset-0")): Object: 'Object Repository/Page_MetrodataMengajar/span_Metrodata Mengajar_absolute inset-0' is clicked on

17-05-2024T09:29:55 - [MESSAGE][PASSED] - Object: 'Object Repository/Page_MetrodataMengajar/span_Metrodata Mengajar_absolute inset-0' is clicked on

17-05-2024T09:29:55 - [TEST_STEP][PASSED] - takeScreenshot(): Taking screenshot successfully

17-05-2024T09:29:56 - [MESSAGE][PASSED] - Taking screenshot successfully
[[ATTACHMENT|C:\\Users\\papah\\git\\Katalon-Training-Project\\Reports\\20240517_092852\\Metrodata Mengajar\\20240517_092853\\1715912996212.png]]

17-05-2024T09:29:56 - [TEST_STEP][PASSED] - scrollToElement(findTestObject("Object Repository/Page_MetrodataMengajar/h1_Acara di Metrodata Mengajar"), 10): Scroll to object 'Object Repository/Page_MetrodataMengajar/h1_Acara di Metrodata Mengajar' successfully

17-05-2024T09:29:57 - [MESSAGE][PASSED] - Scroll to object 'Object Repository/Page_MetrodataMengajar/h1_Acara di Metrodata Mengajar' successfully

17-05-2024T09:29:57 - [TEST_STEP][PASSED] - delay(2): Delayed 2 second(s)

17-05-2024T09:29:59 - [MESSAGE][PASSED] - Delayed 2 second(s)

17-05-2024T09:29:59 - [TEST_STEP][PASSED] - click(findTestObject("Object Repository/Page_MetrodataMengajar/a_CyberSHEcurity Empowering Women in Security")): Object: 'Object Repository/Page_MetrodataMengajar/a_CyberSHEcurity Empowering Women in Security' is clicked on

17-05-2024T09:29:59 - [MESSAGE][PASSED] - Object: 'Object Repository/Page_MetrodataMengajar/a_CyberSHEcurity Empowering Women in Security' is clicked on

17-05-2024T09:29:59 - [TEST_STEP][PASSED] - takeFullPageScreenshot(): Taking screenshot successfully

17-05-2024T09:30:03 - [MESSAGE][INFO] - 0 hidden object(s)

17-05-2024T09:30:03 - [MESSAGE][PASSED] - Taking screenshot successfully
[[ATTACHMENT|C:\\Users\\papah\\git\\Katalon-Training-Project\\Reports\\20240517_092852\\Metrodata Mengajar\\20240517_092853\\1715912999592.png]]

17-05-2024T09:30:03 - [TEST_STEP][PASSED] - delay(1): Delayed 1 second(s)

17-05-2024T09:30:04 - [MESSAGE][PASSED] - Delayed 1 second(s)

17-05-2024T09:30:04 - [TEST_STEP][PASSED] - click(findTestObject("Object Repository/Page_MetrodataMengajar/button_Daftar")): Object: 'Object Repository/Page_MetrodataMengajar/button_Daftar' is clicked on

17-05-2024T09:30:05 - [MESSAGE][PASSED] - Object: 'Object Repository/Page_MetrodataMengajar/button_Daftar' is clicked on

17-05-2024T09:30:05 - [TEST_STEP][PASSED] - takeScreenshot(): Taking screenshot successfully

17-05-2024T09:30:06 - [MESSAGE][PASSED] - Taking screenshot successfully
[[ATTACHMENT|C:\\Users\\papah\\git\\Katalon-Training-Project\\Reports\\20240517_092852\\Metrodata Mengajar\\20240517_092853\\1715913005839.png]]

17-05-2024T09:30:06 - [TEST_STEP][PASSED] - delay(2): Delayed 2 second(s)

17-05-2024T09:30:08 - [MESSAGE][PASSED] - Delayed 2 second(s)

17-05-2024T09:30:08 - [TEST_STEP][PASSED] - setText(findTestObject("Object Repository/Page_MetrodataMengajar/input__name"), "Tiara Andini"): Text 'Tiara Andini' is set on object 'Object Repository/Page_MetrodataMengajar/input__name'

17-05-2024T09:30:09 - [MESSAGE][PASSED] - Text 'Tiara Andini' is set on object 'Object Repository/Page_MetrodataMengajar/input__name'

17-05-2024T09:30:09 - [TEST_STEP][PASSED] - takeScreenshot(): Taking screenshot successfully

17-05-2024T09:30:10 - [MESSAGE][PASSED] - Taking screenshot successfully
[[ATTACHMENT|C:\\Users\\papah\\git\\Katalon-Training-Project\\Reports\\20240517_092852\\Metrodata Mengajar\\20240517_092853\\1715913009582.png]]

17-05-2024T09:30:10 - [TEST_STEP][PASSED] - setText(findTestObject("Object Repository/Page_MetrodataMengajar/input__email"), "tiara_andini@gmail.com"): Text 'tiara_andini@gmail.com' is set on object 'Object Repository/Page_MetrodataMengajar/input__email'

17-05-2024T09:30:10 - [MESSAGE][PASSED] - Text 'tiara_andini@gmail.com' is set on object 'Object Repository/Page_MetrodataMengajar/input__email'

17-05-2024T09:30:10 - [TEST_STEP][PASSED] - takeScreenshot(): Taking screenshot successfully

17-05-2024T09:30:11 - [MESSAGE][PASSED] - Taking screenshot successfully
[[ATTACHMENT|C:\\Users\\papah\\git\\Katalon-Training-Project\\Reports\\20240517_092852\\Metrodata Mengajar\\20240517_092853\\1715913011062.png]]

17-05-2024T09:30:11 - [TEST_STEP][PASSED] - setText(findTestObject("Object Repository/Page_MetrodataMengajar/input__phoneNumber"), "81209873467"): Text '81209873467' is set on object 'Object Repository/Page_MetrodataMengajar/input__phoneNumber'

17-05-2024T09:30:12 - [MESSAGE][PASSED] - Text '81209873467' is set on object 'Object Repository/Page_MetrodataMengajar/input__phoneNumber'

17-05-2024T09:30:12 - [TEST_STEP][PASSED] - takeScreenshot(): Taking screenshot successfully

17-05-2024T09:30:13 - [MESSAGE][PASSED] - Taking screenshot successfully
[[ATTACHMENT|C:\\Users\\papah\\git\\Katalon-Training-Project\\Reports\\20240517_092852\\Metrodata Mengajar\\20240517_092853\\1715913012523.png]]

17-05-2024T09:30:13 - [TEST_STEP][PASSED] - setText(findTestObject("Object Repository/Page_MetrodataMengajar/input__institution"), "Metrodata"): Text 'Metrodata' is set on object 'Object Repository/Page_MetrodataMengajar/input__institution'

17-05-2024T09:30:13 - [MESSAGE][PASSED] - Text 'Metrodata' is set on object 'Object Repository/Page_MetrodataMengajar/input__institution'

17-05-2024T09:30:13 - [TEST_STEP][PASSED] - takeScreenshot(): Taking screenshot successfully

17-05-2024T09:30:14 - [MESSAGE][PASSED] - Taking screenshot successfully
[[ATTACHMENT|C:\\Users\\papah\\git\\Katalon-Training-Project\\Reports\\20240517_092852\\Metrodata Mengajar\\20240517_092853\\1715913013989.png]]

17-05-2024T09:30:14 - [TEST_STEP][PASSED] - setText(findTestObject("Object Repository/Page_MetrodataMengajar/input__jobTitle"), "Staff"): Text 'Staff' is set on object 'Object Repository/Page_MetrodataMengajar/input__jobTitle'

17-05-2024T09:30:15 - [MESSAGE][PASSED] - Text 'Staff' is set on object 'Object Repository/Page_MetrodataMengajar/input__jobTitle'

17-05-2024T09:30:15 - [TEST_STEP][PASSED] - takeScreenshot(): Taking screenshot successfully

17-05-2024T09:30:15 - [MESSAGE][PASSED] - Taking screenshot successfully
[[ATTACHMENT|C:\\Users\\papah\\git\\Katalon-Training-Project\\Reports\\20240517_092852\\Metrodata Mengajar\\20240517_092853\\1715913015427.png]]

17-05-2024T09:30:15 - [TEST_STEP][PASSED] - click(findTestObject("Object Repository/Page_MetrodataMengajar/button_Submit")): Object: 'Object Repository/Page_MetrodataMengajar/button_Submit' is clicked on

17-05-2024T09:30:16 - [MESSAGE][PASSED] - Object: 'Object Repository/Page_MetrodataMengajar/button_Submit' is clicked on

17-05-2024T09:30:16 - [TEST_STEP][PASSED] - takeScreenshot(): Taking screenshot successfully

17-05-2024T09:30:17 - [MESSAGE][PASSED] - Taking screenshot successfully
[[ATTACHMENT|C:\\Users\\papah\\git\\Katalon-Training-Project\\Reports\\20240517_092852\\Metrodata Mengajar\\20240517_092853\\1715913016909.png]]

17-05-2024T09:30:17 - [TEST_STEP][PASSED] - delay(5): Delayed 5 second(s)

17-05-2024T09:30:22 - [MESSAGE][PASSED] - Delayed 5 second(s)

17-05-2024T09:30:22 - [TEST_STEP][PASSED] - Alert = findTestObject("Object Repository/Page_MetrodataMengajar/li_Pendaftaran berhasil"): null

17-05-2024T09:30:22 - [TEST_STEP][PASSED] - try: Taking screenshot successfully

17-05-2024T09:30:22 - [TEST_STEP][PASSED] - comment("Perdaftaran Berhasil"): Perdaftaran Berhasil

17-05-2024T09:30:22 - [MESSAGE][INFO] - Perdaftaran Berhasil

17-05-2024T09:30:22 - [TEST_STEP][PASSED] - takeScreenshot(): Taking screenshot successfully

17-05-2024T09:30:23 - [MESSAGE][PASSED] - Taking screenshot successfully
[[ATTACHMENT|C:\\Users\\papah\\git\\Katalon-Training-Project\\Reports\\20240517_092852\\Metrodata Mengajar\\20240517_092853\\1715913022792.png]]

17-05-2024T09:30:23 - [TEST_STEP][PASSED] - closeBrowser(): Browser is closed

17-05-2024T09:30:23 - [MESSAGE][PASSED] - Browser is closed]]></system-out>
         <system-err><![CDATA[]]></system-err>
      </testcase>
      <system-out><![CDATA[17-05-2024T09:28:59 - [TEST_SUITE][PASSED] - Metrodata Mengajar: Test Cases/Test Case_Metrodata Mengajar (Normal)]]></system-out>
      <system-err><![CDATA[]]></system-err>
   </testsuite>
</testsuites>
